[2016-03-27 15:46:57] START
[2016-03-27 15:46:57] EDIT MoodlePlus/models/db.py: 8
[2016-03-27 15:49:22] EDIT MoodlePlus/models/db.py: 14
[2016-03-27 15:52:05] EDIT MoodlePlus/controllers/default.py: 3
[2016-03-27 15:53:14] EDIT MoodlePlus/controllers/default.py: 0
[2016-03-27 15:55:35] EDIT MoodlePlus/models/db.py: -7
[2016-03-27 15:57:07] CREATE complaint.py: 0
[2016-03-27 15:57:17] EDIT MoodlePlus/controllers/complaint.py: 0
[2016-03-27 15:57:28] EDIT MoodlePlus/controllers/complaint.py: 1
[2016-03-27 15:57:50] EDIT MoodlePlus/controllers/complaint.py: 8
[2016-03-27 16:00:29] EDIT MoodlePlus/controllers/complaint.py: 7
[2016-03-27 16:00:53] EDIT MoodlePlus/controllers/complaint.py: 0
[2016-03-27 16:05:42] CREATE test.py: 0
[2016-03-27 16:05:47] EDIT MoodlePlus/controllers/test.py: 0
[2016-03-27 16:13:17] EDIT MoodlePlus/controllers/default.py: 15
[2016-03-27 16:13:22] EDIT MoodlePlus/controllers/default.py: 0
[2016-03-27 16:14:37] DELETE MoodlePlus/controllers/complaint.py: -17
[2016-03-27 16:14:45] DELETE MoodlePlus/controllers/test.py: -1
[2016-03-27 16:16:32] EDIT MoodlePlus/controllers/default.py: 0
[2016-03-27 16:17:56] EDIT MoodlePlus/controllers/default.py: 0
[2016-03-27 16:18:15] EDIT MoodlePlus/controllers/default.py: 0
[2016-03-27 16:22:02] EDIT MoodlePlus/controllers/default.py: 11
[2016-03-27 16:22:28] EDIT MoodlePlus/controllers/default.py: 2
[2016-03-27 16:23:09] EDIT MoodlePlus/controllers/default.py: 0
[2016-03-27 16:23:41] EDIT MoodlePlus/controllers/default.py: 0
[2016-03-27 16:23:45] EDIT MoodlePlus/controllers/default.py: 0
[2016-03-27 16:23:54] EDIT MoodlePlus/controllers/default.py: -2
[2016-03-27 16:24:44] EDIT MoodlePlus/controllers/default.py: 2
[2016-03-27 16:25:54] EDIT MoodlePlus/controllers/default.py: 1
[2016-03-27 16:26:19] EDIT MoodlePlus/controllers/default.py: 0
[2016-03-27 16:26:41] EDIT MoodlePlus/controllers/default.py: 0
[2016-03-27 16:27:28] EDIT MoodlePlus/controllers/default.py: 2
[2016-03-27 16:27:37] EDIT MoodlePlus/controllers/default.py: -2
[2016-03-27 16:27:40] EDIT MoodlePlus/controllers/default.py: 2
[2016-03-27 16:27:46] EDIT MoodlePlus/controllers/default.py: -2
[2016-03-27 16:28:58] EDIT MoodlePlus/controllers/default.py: 1
[2016-03-27 16:29:12] EDIT MoodlePlus/controllers/default.py: 0
[2016-03-27 16:29:18] EDIT MoodlePlus/controllers/default.py: 0
[2016-03-27 16:29:42] EDIT MoodlePlus/controllers/default.py: 0
[2016-03-27 16:29:49] EDIT MoodlePlus/controllers/default.py: 0
[2016-03-27 16:30:27] EDIT MoodlePlus/controllers/default.py: 0
[2016-03-27 16:31:29] EDIT MoodlePlus/controllers/default.py: 1
[2016-03-27 16:31:43] EDIT MoodlePlus/controllers/default.py: 0
[2016-03-27 16:31:53] EDIT MoodlePlus/controllers/default.py: 2
[2016-03-27 16:33:20] EDIT MoodlePlus/controllers/default.py: 4
[2016-03-27 16:33:29] EDIT MoodlePlus/controllers/default.py: 0
[2016-03-27 16:35:04] EDIT MoodlePlus/controllers/default.py: 0
[2016-03-27 16:35:50] EDIT MoodlePlus/controllers/default.py: 4
[2016-03-27 16:35:55] EDIT MoodlePlus/controllers/default.py: 0
[2016-03-27 16:36:56] EDIT MoodlePlus/controllers/default.py: -13
[2016-03-27 16:37:52] EDIT MoodlePlus/controllers/threads.py: 0
[2016-03-27 16:37:58] EDIT MoodlePlus/controllers/threads.py: 0
[2016-03-27 16:38:29] EDIT MoodlePlus/controllers/default.py: 1
[2016-03-27 16:38:34] EDIT MoodlePlus/controllers/default.py: 1
[2016-03-27 16:40:25] EDIT MoodlePlus/controllers/default.py: 2
[2016-03-27 16:40:59] EDIT MoodlePlus/controllers/default.py: 0
[2016-03-27 16:41:03] EDIT MoodlePlus/controllers/default.py: 0
[2016-03-27 16:41:40] EDIT MoodlePlus/controllers/default.py: 1
[2016-03-27 16:41:50] EDIT MoodlePlus/controllers/default.py: 0
[2016-03-27 16:41:52] EDIT MoodlePlus/controllers/default.py: 0
[2016-03-27 16:41:56] EDIT MoodlePlus/controllers/default.py: -1
[2016-03-27 16:41:59] EDIT MoodlePlus/controllers/default.py: 1
[2016-03-27 16:42:12] EDIT MoodlePlus/controllers/default.py: 0
[2016-03-27 16:42:18] EDIT MoodlePlus/controllers/default.py: -1
[2016-03-27 16:42:24] EDIT MoodlePlus/controllers/default.py: 1
[2016-03-27 16:42:32] EDIT MoodlePlus/controllers/default.py: -1
[2016-03-27 16:43:30] EDIT MoodlePlus/controllers/default.py: 1
[2016-03-27 16:43:47] EDIT MoodlePlus/controllers/default.py: 0
[2016-03-27 16:43:50] EDIT MoodlePlus/controllers/default.py: 0
[2016-03-27 16:43:52] EDIT MoodlePlus/controllers/default.py: 1
[2016-03-27 16:43:57] EDIT MoodlePlus/controllers/default.py: -2
[2016-03-27 16:44:17] EDIT MoodlePlus/controllers/default.py: 0
[2016-03-27 16:44:46] EDIT MoodlePlus/controllers/default.py: 1
[2016-03-27 16:45:02] EDIT MoodlePlus/controllers/default.py: 0
[2016-03-27 16:46:48] EDIT MoodlePlus/controllers/default.py: 1
[2016-03-27 16:47:08] EDIT MoodlePlus/controllers/default.py: 1
[2016-03-27 16:47:18] EDIT MoodlePlus/controllers/default.py: 0
[2016-03-27 16:47:35] EDIT MoodlePlus/controllers/default.py: 0
[2016-03-27 16:48:35] EDIT MoodlePlus/controllers/default.py: 0
[2016-03-27 16:49:05] EDIT MoodlePlus/controllers/default.py: 2
[2016-03-27 16:50:17] EDIT MoodlePlus/controllers/default.py: 0
[2016-03-27 16:51:43] EDIT MoodlePlus/controllers/default.py: 1
[2016-03-27 16:51:51] EDIT MoodlePlus/controllers/default.py: 0
[2016-03-27 16:52:55] EDIT MoodlePlus/controllers/default.py: 0
[2016-03-27 16:53:03] EDIT MoodlePlus/controllers/threads.py: 0
[2016-03-27 16:57:27] EDIT MoodlePlus/models/db.py: 1
[2016-03-27 16:57:57] EDIT MoodlePlus/models/db.py: 0
[2016-03-27 17:01:30] EDIT MoodlePlus/controllers/default.py: 3
[2016-03-27 17:02:04] EDIT MoodlePlus/controllers/default.py: 1
[2016-03-27 17:03:24] EDIT MoodlePlus/controllers/default.py: 4
[2016-03-27 17:03:34] EDIT MoodlePlus/controllers/default.py: 0
[2016-03-27 17:03:53] EDIT MoodlePlus/controllers/default.py: 0
[2016-03-27 17:03:55] EDIT MoodlePlus/controllers/default.py: 0
[2016-03-27 17:08:49] EDIT MoodlePlus/controllers/default.py: 1
[2016-03-27 17:11:43] EDIT MoodlePlus/controllers/default.py: 0
[2016-03-27 17:13:14] EDIT MoodlePlus/controllers/default.py: 1
[2016-03-27 17:14:34] EDIT MoodlePlus/controllers/default.py: 0
[2016-03-27 17:14:53] EDIT MoodlePlus/controllers/default.py: -1
[2016-03-27 17:18:09] EDIT MoodlePlus/controllers/default.py: 1
[2016-03-27 17:18:23] EDIT MoodlePlus/controllers/default.py: 0
[2016-03-27 17:19:03] EDIT MoodlePlus/controllers/default.py: -1
[2016-03-27 17:19:26] EDIT MoodlePlus/controllers/default.py: 0
[2016-03-27 17:21:04] EDIT MoodlePlus/controllers/default.py: 2
[2016-03-27 17:23:50] EDIT MoodlePlus/models/db.py: 1
[2016-03-27 17:40:56] EDIT MoodlePlus/controllers/default.py: 6
[2016-03-27 17:42:49] EDIT MoodlePlus/controllers/default.py: 0
[2016-03-27 17:43:23] EDIT MoodlePlus/controllers/default.py: 0
[2016-03-27 17:43:36] EDIT MoodlePlus/controllers/default.py: 0
[2016-03-27 17:45:20] EDIT MoodlePlus/controllers/default.py: 3
[2016-03-27 17:45:42] EDIT MoodlePlus/controllers/default.py: 0
[2016-03-27 17:48:46] EDIT MoodlePlus/controllers/default.py: 2
[2016-03-27 17:49:38] EDIT MoodlePlus/controllers/default.py: 4
[2016-03-27 17:51:06] EDIT MoodlePlus/controllers/default.py: 0
[2016-03-27 17:51:27] EDIT MoodlePlus/controllers/default.py: 0
[2016-03-27 17:52:08] EDIT MoodlePlus/controllers/default.py: 0
[2016-03-27 17:52:22] EDIT MoodlePlus/controllers/default.py: 0
[2016-03-27 17:52:32] EDIT MoodlePlus/controllers/default.py: 0
[2016-03-27 17:53:12] EDIT MoodlePlus/controllers/default.py: 0
[2016-03-27 17:53:21] EDIT MoodlePlus/controllers/default.py: 0
[2016-03-27 17:53:46] EDIT MoodlePlus/controllers/default.py: 0
[2016-03-27 17:53:57] EDIT MoodlePlus/controllers/default.py: 0
[2016-03-27 17:54:10] EDIT MoodlePlus/controllers/default.py: 0
[2016-03-27 17:54:18] EDIT MoodlePlus/controllers/default.py: 0
[2016-03-27 17:54:27] EDIT MoodlePlus/controllers/default.py: 0
[2016-03-27 17:54:40] EDIT MoodlePlus/controllers/default.py: 0
[2016-03-27 17:56:08] EDIT MoodlePlus/controllers/default.py: 2
[2016-03-27 17:57:38] EDIT MoodlePlus/controllers/default.py: 0
[2016-03-27 17:58:25] EDIT MoodlePlus/controllers/default.py: 0
[2016-03-27 18:00:58] EDIT MoodlePlus/controllers/default.py: 0
[2016-03-27 18:01:38] EDIT MoodlePlus/controllers/default.py: 0
[2016-03-27 18:15:47] EDIT MoodlePlus/models/db.py: 2
[2016-03-27 18:18:14] EDIT MoodlePlus/models/db.py: 7
[2016-03-27 18:18:21] EDIT MoodlePlus/models/db.py: 0
[2016-03-27 18:18:29] EDIT MoodlePlus/models/db.py: 0
[2016-03-27 18:19:03] EDIT MoodlePlus/models/db.py: -1
[2016-03-27 18:20:00] EDIT MoodlePlus/controllers/default.py: 0
[2016-03-27 18:21:54] EDIT MoodlePlus/models/db.py: 0
[2016-03-27 18:22:31] EDIT MoodlePlus/controllers/default.py: 0
[2016-03-27 18:22:49] EDIT MoodlePlus/models/db.py: 0
[2016-03-27 18:27:22] EDIT MoodlePlus/models/db.py: 0
[2016-03-27 18:28:17] EDIT MoodlePlus/models/db.py: 0
[2016-03-27 18:31:02] EDIT MoodlePlus/controllers/default.py: 3
[2016-03-27 18:31:07] EDIT MoodlePlus/controllers/default.py: 0
[2016-03-27 18:33:46] EDIT MoodlePlus/controllers/default.py: 9
[2016-03-27 18:34:36] EDIT MoodlePlus/controllers/default.py: 0
[2016-03-27 18:36:10] EDIT MoodlePlus/controllers/default.py: -8
[2016-03-27 18:40:22] EDIT MoodlePlus/controllers/default.py: 4
[2016-03-27 18:40:27] EDIT MoodlePlus/controllers/default.py: 0
[2016-03-27 18:42:08] EDIT MoodlePlus/controllers/default.py: 2
[2016-03-27 18:42:32] EDIT MoodlePlus/controllers/default.py: 0
[2016-03-27 18:42:46] EDIT MoodlePlus/controllers/default.py: 0
[2016-03-27 18:43:35] EDIT MoodlePlus/controllers/default.py: 10
[2016-03-27 18:44:01] EDIT MoodlePlus/controllers/default.py: 0
[2016-03-27 18:45:17] EDIT MoodlePlus/controllers/default.py: 1
[2016-03-27 18:45:31] EDIT MoodlePlus/controllers/default.py: 1
[2016-03-27 18:46:02] EDIT MoodlePlus/controllers/default.py: 0
[2016-03-27 18:48:06] EDIT MoodlePlus/controllers/default.py: 2
[2016-03-27 18:48:14] EDIT MoodlePlus/controllers/default.py: 0
[2016-03-27 18:49:08] EDIT MoodlePlus/controllers/default.py: 1
[2016-03-27 18:49:35] EDIT MoodlePlus/controllers/default.py: 3
[2016-03-27 18:52:08] EDIT MoodlePlus/controllers/default.py: 1
[2016-03-27 18:52:30] EDIT MoodlePlus/controllers/default.py: 1
[2016-03-27 18:55:55] EDIT MoodlePlus/controllers/default.py: 3
[2016-03-27 18:56:30] EDIT MoodlePlus/controllers/default.py: 1
[2016-03-27 18:57:41] EDIT MoodlePlus/models/db.py: 0
[2016-03-27 18:58:16] EDIT MoodlePlus/models/db.py: 6
[2016-03-27 19:00:06] EDIT MoodlePlus/controllers/default.py: 0
[2016-03-27 19:00:37] EDIT MoodlePlus/controllers/default.py: 14
[2016-03-27 19:01:26] EDIT MoodlePlus/controllers/default.py: -6
[2016-03-27 19:01:37] EDIT MoodlePlus/controllers/default.py: 0
[2016-03-27 19:02:07] EDIT MoodlePlus/controllers/default.py: 0
[2016-03-27 19:04:27] EDIT MoodlePlus/controllers/default.py: 0
[2016-03-27 19:05:31] EDIT MoodlePlus/controllers/default.py: 0
[2016-03-27 19:05:57] EDIT MoodlePlus/controllers/default.py: 4
[2016-03-27 19:06:57] EDIT MoodlePlus/controllers/default.py: -19
[2016-03-27 19:07:17] EDIT MoodlePlus/models/db.py: -7
[2016-03-27 19:10:17] EDIT MoodlePlus/controllers/default.py: 3
[2016-03-27 19:10:29] EDIT MoodlePlus/controllers/default.py: 0
[2016-03-27 19:10:31] EDIT MoodlePlus/controllers/default.py: 0
[2016-03-27 19:12:05] EDIT MoodlePlus/controllers/default.py: 8
[2016-03-27 19:13:59] EDIT MoodlePlus/controllers/default.py: 1
[2016-03-27 19:16:06] EDIT MoodlePlus/controllers/default.py: 0
[2016-03-27 19:16:34] EDIT MoodlePlus/controllers/default.py: 0
[2016-03-27 19:17:23] EDIT MoodlePlus/controllers/default.py: 2
[2016-03-27 19:17:54] EDIT MoodlePlus/controllers/default.py: 8
[2016-03-27 19:18:09] EDIT MoodlePlus/controllers/default.py: 4
[2016-03-27 19:18:52] EDIT MoodlePlus/controllers/default.py: 12
[2016-03-27 19:24:31] EDIT MoodlePlus/controllers/default.py: 0
[2016-03-27 19:25:11] EDIT MoodlePlus/controllers/default.py: 0
[2016-03-27 19:26:45] EDIT MoodlePlus/controllers/default.py: 0
[2016-03-27 19:26:52] EDIT MoodlePlus/controllers/default.py: 1
[2016-03-27 19:27:03] EDIT MoodlePlus/controllers/default.py: 1
[2016-03-27 19:27:26] EDIT MoodlePlus/controllers/default.py: 1
[2016-03-27 19:27:44] EDIT MoodlePlus/controllers/default.py: 0
[2016-03-27 19:27:52] EDIT MoodlePlus/controllers/default.py: 2
[2016-03-27 19:27:56] EDIT MoodlePlus/controllers/default.py: 0
[2016-03-27 19:30:07] EDIT MoodlePlus/controllers/default.py: 2
[2016-03-27 19:30:27] EDIT MoodlePlus/controllers/default.py: 0
[2016-03-27 19:35:50] EDIT MoodlePlus/models/db.py: 1
[2016-03-27 19:36:31] EDIT MoodlePlus/models/db.py: 0
[2016-03-27 19:38:08] EDIT MoodlePlus/controllers/default.py: 1
[2016-03-27 19:38:55] EDIT MoodlePlus/models/db.py: 0
[2016-03-27 19:41:19] EDIT MoodlePlus/controllers/default.py: 4
[2016-03-27 19:41:35] EDIT MoodlePlus/controllers/default.py: 0
[2016-03-27 19:41:48] EDIT MoodlePlus/controllers/default.py: 0
[2016-03-27 19:42:07] EDIT MoodlePlus/controllers/default.py: 2
[2016-03-27 19:42:20] EDIT MoodlePlus/controllers/default.py: 0
[2016-03-27 19:42:34] EDIT MoodlePlus/controllers/default.py: 0
[2016-03-27 19:42:56] EDIT MoodlePlus/models/db.py: 0
[2016-03-27 19:43:43] EDIT MoodlePlus/controllers/default.py: 2
[2016-03-27 19:45:11] EDIT MoodlePlus/controllers/default.py: 1
[2016-03-27 19:45:59] EDIT MoodlePlus/controllers/default.py: 0
[2016-03-27 19:46:17] EDIT MoodlePlus/controllers/default.py: 0
[2016-03-27 19:47:35] EDIT MoodlePlus/controllers/default.py: 0
[2016-03-28 10:08:24] EDIT MoodlePlus/controllers/default.py: 0
[2016-03-28 15:54:05] EDIT MoodlePlus/controllers/default.py: 2
[2016-03-28 15:54:48] EDIT MoodlePlus/controllers/default.py: 0
[2016-03-29 08:33:02] EDIT MoodlePlus/controllers/default.py: 13
[2016-03-29 08:34:08] EDIT MoodlePlus/controllers/default.py: -2
[2016-03-29 08:34:23] EDIT MoodlePlus/controllers/default.py: 0
[2016-03-29 08:36:25] EDIT MoodlePlus/controllers/default.py: 0
[2016-03-29 08:37:02] EDIT MoodlePlus/controllers/default.py: 1
[2016-03-29 08:37:25] EDIT MoodlePlus/controllers/default.py: -1
[2016-03-29 08:37:30] EDIT MoodlePlus/controllers/default.py: 0
[2016-03-29 08:37:41] EDIT MoodlePlus/controllers/default.py: 0
[2016-03-29 08:38:04] EDIT MoodlePlus/controllers/default.py: 1
[2016-03-29 08:38:27] EDIT MoodlePlus/controllers/default.py: 0
[2016-03-29 08:38:43] EDIT MoodlePlus/controllers/default.py: 0
[2016-03-29 08:39:33] EDIT MoodlePlus/controllers/default.py: 0
[2016-03-29 08:39:37] EDIT MoodlePlus/controllers/default.py: 0
[2016-03-29 08:40:01] EDIT MoodlePlus/controllers/default.py: 0
[2016-03-29 08:40:24] EDIT MoodlePlus/controllers/default.py: 0
[2016-03-29 08:41:36] EDIT MoodlePlus/controllers/default.py: 1
[2016-03-29 08:41:51] EDIT MoodlePlus/controllers/default.py: 0
[2016-03-29 08:42:31] EDIT MoodlePlus/controllers/default.py: -1
[2016-03-29 08:42:47] EDIT MoodlePlus/controllers/default.py: 0
[2016-03-29 08:44:35] EDIT MoodlePlus/controllers/default.py: 2
[2016-03-29 08:44:51] EDIT MoodlePlus/controllers/default.py: 1
[2016-03-29 08:44:58] EDIT MoodlePlus/controllers/default.py: 0
[2016-03-29 08:45:29] EDIT MoodlePlus/controllers/default.py: -1
[2016-03-29 08:45:58] EDIT MoodlePlus/controllers/default.py: 0
[2016-03-29 08:46:30] EDIT MoodlePlus/controllers/default.py: -1
[2016-03-29 08:46:38] EDIT MoodlePlus/controllers/default.py: 1
[2016-03-29 15:07:55] EDIT MoodlePlus/models/db.py: 1
[2016-03-29 15:08:56] EDIT MoodlePlus/models/db.py: 6
[2016-03-29 15:08:59] EDIT MoodlePlus/models/db.py: 0
[2016-03-29 15:10:26] EDIT MoodlePlus/controllers/default.py: 6
[2016-03-29 15:10:41] EDIT MoodlePlus/controllers/default.py: 0
[2016-03-29 15:12:00] EDIT MoodlePlus/controllers/default.py: 1
[2016-03-29 15:13:04] EDIT MoodlePlus/controllers/default.py: 0
[2016-03-29 15:15:25] EDIT MoodlePlus/models/db.py: 1
[2016-03-29 15:17:42] EDIT MoodlePlus/controllers/default.py: 0
[2016-03-29 15:18:18] EDIT MoodlePlus/controllers/default.py: 1
[2016-03-29 15:18:51] EDIT MoodlePlus/controllers/default.py: 0
[2016-03-29 15:21:25] EDIT MoodlePlus/controllers/default.py: 12
[2016-03-29 15:37:35] EDIT MoodlePlus/controllers/default.py: 3
[2016-03-29 15:38:09] EDIT MoodlePlus/controllers/default.py: 0
[2016-03-29 15:39:23] EDIT MoodlePlus/controllers/default.py: 0
[2016-03-29 15:40:27] EDIT MoodlePlus/controllers/default.py: 4
[2016-03-29 15:41:11] EDIT MoodlePlus/controllers/default.py: 4
[2016-03-29 15:41:19] EDIT MoodlePlus/controllers/default.py: 0
[2016-03-29 15:42:25] EDIT MoodlePlus/controllers/default.py: 3
[2016-03-29 15:44:51] EDIT MoodlePlus/controllers/default.py: 4
[2016-03-29 15:51:32] EDIT MoodlePlus/models/db.py: 3
[2016-03-29 15:51:43] EDIT MoodlePlus/models/db.py: 2
[2016-03-29 15:51:52] EDIT MoodlePlus/models/db.py: 0
[2016-03-29 15:52:00] EDIT MoodlePlus/models/db.py: 0
[2016-03-29 15:52:05] EDIT MoodlePlus/models/db.py: 0
[2016-03-29 15:52:10] EDIT MoodlePlus/models/db.py: 0
[2016-03-29 15:53:00] EDIT MoodlePlus/models/db.py: 1
[2016-03-29 15:54:53] EDIT MoodlePlus/controllers/default.py: -14
[2016-03-29 15:55:15] EDIT MoodlePlus/controllers/default.py: 0
[2016-03-29 15:55:24] EDIT MoodlePlus/controllers/default.py: 0
[2016-03-29 15:55:40] EDIT MoodlePlus/controllers/default.py: 0
[2016-03-29 15:56:09] EDIT MoodlePlus/controllers/default.py: 0
[2016-03-29 15:59:25] EDIT MoodlePlus/models/db.py: 0
[2016-03-29 15:59:35] EDIT MoodlePlus/models/db.py: 0
[2016-03-29 16:00:06] EDIT MoodlePlus/models/db.py: 0
[2016-03-29 16:01:55] EDIT MoodlePlus/models/db.py: -1
[2016-03-29 16:02:52] EDIT MoodlePlus/controllers/default.py: 0
[2016-03-29 16:04:00] EDIT MoodlePlus/controllers/default.py: 0
[2016-03-29 16:04:08] EDIT MoodlePlus/controllers/default.py: 0
[2016-03-29 16:04:57] EDIT MoodlePlus/controllers/default.py: 0
[2016-03-29 16:05:33] EDIT MoodlePlus/controllers/default.py: 0
[2016-03-29 16:05:41] EDIT MoodlePlus/controllers/default.py: 0
[2016-03-29 16:12:25] EDIT MoodlePlus/controllers/default.py: 2
[2016-03-29 16:12:33] EDIT MoodlePlus/models/db.py: 2
[2016-03-29 16:40:48] EDIT MoodlePlus/models/db.py: 8
[2016-03-29 16:42:28] EDIT MoodlePlus/controllers/default.py: 3
[2016-03-29 16:42:34] EDIT MoodlePlus/controllers/default.py: 0
[2016-03-29 16:48:37] EDIT MoodlePlus/controllers/default.py: 4
[2016-03-29 16:49:55] EDIT MoodlePlus/controllers/default.py: 0
[2016-03-29 16:50:15] EDIT MoodlePlus/controllers/default.py: 0
[2016-03-29 16:50:58] EDIT MoodlePlus/controllers/default.py: -4
[2016-03-29 16:52:33] EDIT MoodlePlus/controllers/default.py: 0
[2016-03-29 16:53:28] EDIT MoodlePlus/controllers/default.py: 0
[2016-03-29 16:54:06] EDIT MoodlePlus/models/db.py: 0
[2016-03-29 16:54:13] EDIT MoodlePlus/models/db.py: 0
[2016-03-29 16:56:16] EDIT MoodlePlus/controllers/default.py: 1
[2016-03-29 16:57:16] EDIT MoodlePlus/controllers/default.py: -1
[2016-03-29 16:58:27] EDIT MoodlePlus/controllers/default.py: 8
[2016-03-29 16:58:31] EDIT MoodlePlus/controllers/default.py: 0
[2016-03-29 17:00:31] EDIT MoodlePlus/controllers/default.py: -4
[2016-03-29 17:01:23] EDIT MoodlePlus/controllers/default.py: 5
[2016-03-29 17:02:48] EDIT MoodlePlus/controllers/default.py: 0
[2016-03-29 17:03:31] EDIT MoodlePlus/controllers/default.py: 0
[2016-03-29 17:04:10] EDIT MoodlePlus/models/db.py: 0
[2016-03-29 17:04:23] EDIT MoodlePlus/controllers/default.py: 0
[2016-03-29 17:04:48] EDIT MoodlePlus/models/db.py: 0
[2016-03-29 17:05:38] EDIT MoodlePlus/models/db.py: 0
[2016-03-29 17:06:23] EDIT MoodlePlus/models/db.py: 0
[2016-03-29 17:06:36] EDIT MoodlePlus/controllers/default.py: 0
[2016-03-29 17:09:10] EDIT MoodlePlus/controllers/default.py: 0
[2016-03-29 17:09:54] EDIT MoodlePlus/controllers/default.py: 0
[2016-03-29 17:10:34] EDIT MoodlePlus/models/db.py: 0
[2016-03-29 17:12:00] EDIT MoodlePlus/controllers/default.py: 0
[2016-03-29 17:16:25] EDIT MoodlePlus/controllers/default.py: 0
[2016-03-29 17:16:40] EDIT MoodlePlus/controllers/default.py: 0
[2016-03-29 17:16:56] EDIT MoodlePlus/controllers/default.py: 0
[2016-03-29 17:17:12] EDIT MoodlePlus/controllers/default.py: 0
[2016-03-29 19:24:01] EDIT MoodlePlus/controllers/default.py: 3
[2016-03-29 19:25:13] EDIT MoodlePlus/controllers/default.py: 4
[2016-03-29 19:28:51] EDIT MoodlePlus/controllers/default.py: 9
[2016-03-29 19:29:30] EDIT MoodlePlus/controllers/default.py: 2
[2016-03-29 19:30:27] EDIT MoodlePlus/controllers/default.py: 2
[2016-03-29 19:33:01] EDIT MoodlePlus/controllers/default.py: 0
[2016-03-29 19:34:59] EDIT MoodlePlus/controllers/default.py: 0
[2016-03-29 19:35:13] EDIT MoodlePlus/controllers/default.py: -3
[2016-03-29 19:36:08] EDIT MoodlePlus/controllers/default.py: 0
[2016-03-29 19:36:18] EDIT MoodlePlus/controllers/default.py: 0
[2016-03-29 19:38:13] EDIT MoodlePlus/controllers/default.py: 0
[2016-03-29 19:38:31] EDIT MoodlePlus/controllers/default.py: 0
[2016-03-29 19:38:45] EDIT MoodlePlus/controllers/default.py: 0
[2016-03-29 19:41:28] EDIT MoodlePlus/controllers/default.py: -2
[2016-03-29 19:42:02] EDIT MoodlePlus/controllers/default.py: 0
[2016-03-29 19:42:14] EDIT MoodlePlus/controllers/default.py: 2
[2016-03-29 19:44:06] EDIT MoodlePlus/controllers/default.py: 1
[2016-03-29 19:45:05] EDIT MoodlePlus/controllers/default.py: 3
[2016-03-29 19:45:27] EDIT MoodlePlus/controllers/default.py: 0
[2016-03-29 19:46:24] EDIT MoodlePlus/controllers/default.py: 0
[2016-03-29 19:47:08] EDIT MoodlePlus/controllers/default.py: 0
[2016-03-29 19:47:25] EDIT MoodlePlus/controllers/default.py: -1
[2016-03-29 19:47:31] EDIT MoodlePlus/controllers/default.py: -2
[2016-03-29 19:48:15] EDIT MoodlePlus/controllers/default.py: 3
[2016-03-29 19:48:19] EDIT MoodlePlus/controllers/default.py: 0
[2016-03-29 19:49:53] EDIT MoodlePlus/controllers/default.py: 0
[2016-03-29 19:50:38] EDIT MoodlePlus/controllers/default.py: 0
[2016-03-29 19:50:48] EDIT MoodlePlus/controllers/default.py: 0
[2016-03-29 20:23:13] EDIT MoodlePlus/controllers/default.py: 0
[2016-03-29 20:29:06] EDIT MoodlePlus/models/db.py: 0
[2016-03-29 22:05:06] EDIT MoodlePlus/controllers/default.py: 14
[2016-03-29 22:05:57] EDIT MoodlePlus/controllers/default.py: 0
[2016-03-29 22:07:36] EDIT MoodlePlus/controllers/default.py: 0
[2016-03-29 22:08:10] EDIT MoodlePlus/controllers/default.py: 0
[2016-03-29 22:09:39] EDIT MoodlePlus/controllers/default.py: 0
[2016-03-29 22:10:26] EDIT MoodlePlus/controllers/default.py: 2
[2016-03-29 22:10:41] EDIT MoodlePlus/controllers/default.py: 0
[2016-03-29 22:11:26] EDIT MoodlePlus/controllers/default.py: 0
[2016-03-29 22:11:51] EDIT MoodlePlus/controllers/default.py: 0
[2016-03-29 22:12:10] EDIT MoodlePlus/controllers/default.py: 0
[2016-03-29 22:12:49] EDIT MoodlePlus/controllers/default.py: 0
[2016-03-29 22:12:57] EDIT MoodlePlus/controllers/default.py: 0
[2016-03-29 22:13:46] EDIT MoodlePlus/controllers/default.py: -16
[2016-04-07 12:24:28] EDIT MoodlePlus/controllers/default.py: 0
[2016-04-07 12:24:53] EDIT MoodlePlus/controllers/default.py: 0
[2016-04-07 12:28:32] EDIT MoodlePlus/controllers/default.py: 0
[2016-04-08 19:27:07] EDIT MoodlePlus/controllers/default.py: 0
[2016-04-08 19:31:35] EDIT MoodlePlus/controllers/default.py: 0
[2016-04-08 23:10:04] EDIT MoodlePlus/controllers/default.py: -2
[2016-04-08 23:12:48] EDIT MoodlePlus/controllers/default.py: 16
[2016-04-08 23:15:01] EDIT MoodlePlus/controllers/default.py: 1
[2016-04-08 23:16:40] EDIT MoodlePlus/controllers/default.py: 24
[2016-04-08 23:22:35] EDIT MoodlePlus/controllers/default.py: 11
[2016-04-09 00:52:30] EDIT MoodlePlus/controllers/default.py: 1
[2016-04-09 15:21:29] EDIT MoodlePlus/controllers/default.py: 0
